Determining if the pthread_create exist failed with the following output:
Change Dir: /home/tom/software/vision_opencv/cv_bridge3/build/CMakeFiles/CMakeTmp

Run Build Command:/usr/bin/make "cmTryCompileExec3015557682/fast"
/usr/bin/make -f CMakeFiles/cmTryCompileExec3015557682.dir/build.make CMakeFiles/cmTryCompileExec3015557682.dir/build
make[1]: Entering directory `/home/tom/software/vision_opencv/cv_bridge3/build/CMakeFiles/CMakeTmp'
/usr/bin/cmake -E cmake_progress_report /home/tom/software/vision_opencv/cv_bridge3/build/CMakeFiles/CMakeTmp/CMakeFiles 1
Building C object CMakeFiles/cmTryCompileExec3015557682.dir/CheckSymbolExists.c.o
/usr/bin/cc    -o CMakeFiles/cmTryCompileExec3015557682.dir/CheckSymbolExists.c.o   -c /home/tom/software/vision_opencv/cv_bridge3/build/CMakeFiles/CMakeTmp/CheckSymbolExists.c
Linking C executable cmTryCompileExec3015557682
/usr/bin/cmake -E cmake_link_script CMakeFiles/cmTryCompileExec3015557682.dir/link.txt --verbose=1
/usr/bin/cc       CMakeFiles/cmTryCompileExec3015557682.dir/CheckSymbolExists.c.o  -o cmTryCompileExec3015557682 -rdynamic 
CMakeFiles/cmTryCompileExec3015557682.dir/CheckSymbolExists.c.o: In function `main':
CheckSymbolExists.c:(.text+0x16): undefined reference to `pthread_create'
collect2: error: ld returned 1 exit status
make[1]: Leaving directory `/home/tom/software/vision_opencv/cv_bridge3/build/CMakeFiles/CMakeTmp'
make[1]: *** [cmTryCompileExec3015557682] Error 1
make: *** [cmTryCompileExec3015557682/fast] Error 2

File /home/tom/software/vision_opencv/cv_bridge3/build/CMakeFiles/CMakeTmp/CheckSymbolExists.c:
/* */
#include <pthread.h>

int main(int argc, char** argv)
{
  (void)argv;
#ifndef pthread_create
  return ((int*)(&pthread_create))[argc];
#else
  (void)argc;
  return 0;
#endif
}

Determining if the function pthread_create exists in the pthreads failed with the following output:
Change Dir: /home/tom/software/vision_opencv/cv_bridge3/build/CMakeFiles/CMakeTmp

Run Build Command:/usr/bin/make "cmTryCompileExec395404303/fast"
/usr/bin/make -f CMakeFiles/cmTryCompileExec395404303.dir/build.make CMakeFiles/cmTryCompileExec395404303.dir/build
make[1]: Entering directory `/home/tom/software/vision_opencv/cv_bridge3/build/CMakeFiles/CMakeTmp'
/usr/bin/cmake -E cmake_progress_report /home/tom/software/vision_opencv/cv_bridge3/build/CMakeFiles/CMakeTmp/CMakeFiles 1
Building C object CMakeFiles/cmTryCompileExec395404303.dir/CheckFunctionExists.c.o
/usr/bin/cc   -DCHECK_FUNCTION_EXISTS=pthread_create   -o CMakeFiles/cmTryCompileExec395404303.dir/CheckFunctionExists.c.o   -c /usr/share/cmake-2.8/Modules/CheckFunctionExists.c
Linking C executable cmTryCompileExec395404303
/usr/bin/cmake -E cmake_link_script CMakeFiles/cmTryCompileExec395404303.dir/link.txt --verbose=1
/usr/bin/cc   -DCHECK_FUNCTION_EXISTS=pthread_create    CMakeFiles/cmTryCompileExec395404303.dir/CheckFunctionExists.c.o  -o cmTryCompileExec395404303 -rdynamic -lpthreads 
/usr/bin/ld: cannot find -lpthreads
collect2: error: ld returned 1 exit status
make[1]: *** [cmTryCompileExec395404303] Error 1
make[1]: Leaving directory `/home/tom/software/vision_opencv/cv_bridge3/build/CMakeFiles/CMakeTmp'
make: *** [cmTryCompileExec395404303/fast] Error 2


